<?xml version="1.0" encoding="UTF-8"?>
<!-- Generated by org.testng.reporters.JUnitReportReporter -->
<testsuite hostname="Pravin-Zoof-Laptop" failures="0" tests="3" name="com.qa.countable.tests.LoginPageTest" time="0.631" errors="0" timestamp="2023-04-13T18:30:30 IST" skipped="0">
  <testcase classname="com.qa.countable.tests.LoginPageTest" name="verifyLoginTitleTest" time="0.011"/>
  <system-out/>
  <testcase classname="com.qa.countable.tests.LoginPageTest" name="verifysignuplink" time="0.052"/>
  <system-out/>
  <testcase classname="com.qa.countable.tests.LoginPageTest" name="loginTest" time="0.568"/>
  <system-out/>
</testsuite> <!-- com.qa.countable.tests.LoginPageTest -->
