<?xml version="1.0" encoding="UTF-8"?>
<!-- Generated by org.testng.reporters.JUnitReportReporter -->
<testsuite hostname="Pravin-Zoof-Laptop" failures="0" tests="5" name="com.qa.countable.tests.DashboardTest" time="14.881" errors="0" timestamp="2023-04-20T21:56:16 IST" skipped="0">
  <testcase classname="com.qa.countable.tests.DashboardTest" name="verifyHomeTitle" time="0.719"/>
  <system-out/>
  <testcase classname="com.qa.countable.tests.DashboardTest" name="HomepageHeader" time="0.563"/>
  <system-out/>
  <testcase classname="com.qa.countable.tests.DashboardTest" name="DashboardSearch" time="5.222"/>
  <system-out/>
  <testcase classname="com.qa.countable.tests.DashboardTest" name="ViewTeam" time="3.272"/>
  <system-out/>
  <testcase classname="com.qa.countable.tests.DashboardTest" name="BackDashboard" time="5.105"/>
  <system-out/>
</testsuite> <!-- com.qa.countable.tests.DashboardTest -->
